<?xml version="1.0" encoding="UTF-8"?>
<!-- Generated by org.testng.reporters.JUnitReportReporter -->
<testsuite hostname="DESKTOP-AU8IJA9" failures="0" tests="1" name="Tests.FirstTest" time="10.939" errors="0" timestamp="2021-01-29T21:19:39 IST" skipped="0">
  <testcase classname="Tests.FirstTest" name="ValidateEmailIdOnCommentsTest" time="10.939"/>
  <system-out/>
</testsuite> <!-- Tests.FirstTest -->
