<?xml version="1.0" encoding="UTF-8"?>
<!-- Generated by org.testng.reporters.JUnitReportReporter -->
<testsuite hostname="DESKTOP-AU8IJA9" failures="0" tests="2" name="Tests.FirstTest" time="96.301" errors="0" timestamp="2021-02-01T15:20:47 IST" skipped="0">
  <testcase classname="Tests.FirstTest" name="ValidateEmailIdOnCommentsTest" time="8.011"/>
  <system-out/>
  <testcase classname="Tests.FirstTest" name="ValidatePhotosAreNotCorrupted" time="88.290"/>
  <system-out/>
</testsuite> <!-- Tests.FirstTest -->
