<?xml version="1.0" encoding="UTF-8"?>
<!-- Generated by org.testng.reporters.JUnitReportReporter -->
<testsuite hostname="DESKTOP-AU8IJA9" failures="0" tests="2" name="Tests.FirstTest" time="87.488" errors="0" timestamp="2021-01-31T15:21:08 IST" skipped="0">
  <testcase classname="Tests.FirstTest" name="ValidatePhotosAreNotCorrupted" time="80.049"/>
  <system-out/>
  <testcase classname="Tests.FirstTest" name="ValidateEmailIdOnCommentsTest" time="7.439"/>
  <system-out/>
</testsuite> <!-- Tests.FirstTest -->
