<?xml version="1.0" encoding="UTF-8"?>
<!-- Generated by org.testng.reporters.JUnitReportReporter -->
<testsuite hostname="DESKTOP-AU8IJA9" failures="0" tests="2" name="Tests.FirstTest" time="164.134" errors="0" timestamp="2021-02-07T16:53:59 IST" skipped="0">
  <testcase classname="Tests.FirstTest" name="ValidateEmailIdOnCommentsTest" time="28.912"/>
  <system-out/>
  <testcase classname="Tests.FirstTest" name="ValidatePhotosAreNotCorrupted" time="135.222"/>
  <system-out/>
</testsuite> <!-- Tests.FirstTest -->
