<?xml version="1.0" encoding="UTF-8"?>
<!-- Generated by org.testng.reporters.JUnitReportReporter -->
<testsuite hostname="DESKTOP-AU8IJA9" failures="0" tests="2" name="Tests.FirstTest" time="102.102" errors="0" timestamp="2021-02-01T12:03:51 IST" skipped="0">
  <testcase classname="Tests.FirstTest" name="ValidatePhotosAreNotCorrupted" time="93.441"/>
  <system-out/>
  <testcase classname="Tests.FirstTest" name="ValidateEmailIdOnCommentsTest" time="8.661"/>
  <system-out/>
</testsuite> <!-- Tests.FirstTest -->
